Using pre-set license
Built from '2020.3/staging' branch; Version is '2020.3.0f1 (c7b5465681fb) revision 13088070'; Using compiler version '192528614'; Build Type 'Release'
OS: 'Windows 10 Education; OS build 19043.985; Version 2009; 64bit' Language: 'ko' Physical Memory: 14213 MB
BatchMode: 1, IsHumanControllingUs: 0, StartBugReporterOnCrash: 0, Is64bit: 1, IsPro: 0

 COMMAND LINE ARGUMENTS:
C:\Program Files\Unity\Hub\Editor\2020.3.0f1\Editor\Unity.exe
-adb2
-batchMode
-noUpm
-name
AssetImportWorker1
-projectPath
C:/Unity Game/UnityProject
-logFile
Logs/AssetImportWorker1.log
-srvPort
52777
Successfully changed project path to: C:/Unity Game/UnityProject
C:/Unity Game/UnityProject
Using Asset Import Pipeline V2.
Refreshing native plugins compatible for Editor in 134.23 ms, found 0 plugins.
Preloading 0 native plugins for Editor in 0.00 ms.
Initialize engine version: 2020.3.0f1 (c7b5465681fb)
[Subsystems] Discovering subsystems at path C:/Program Files/Unity/Hub/Editor/2020.3.0f1/Editor/Data/Resources/UnitySubsystems
[Subsystems] Discovering subsystems at path C:/Unity Game/UnityProject/Assets
GfxDevice: creating device client; threaded=0
Direct3D:
    Version:  Direct3D 11.0 [level 11.1]
    Renderer: NVIDIA GeForce GTX 1650 (ID=0x1f91)
    Vendor:   
    VRAM:     3962 MB
    Driver:   27.21.14.6647
Initialize mono
Mono path[0] = 'C:/Program Files/Unity/Hub/Editor/2020.3.0f1/Editor/Data/Managed'
Mono path[1] = 'C:/Program Files/Unity/Hub/Editor/2020.3.0f1/Editor/Data/MonoBleedingEdge/lib/mono/unityjit'
Mono config path = 'C:/Program Files/Unity/Hub/Editor/2020.3.0f1/Editor/Data/MonoBleedingEdge/etc'
Using monoOptions --debugger-agent=transport=dt_socket,embedding=1,server=y,suspend=n,address=127.0.0.1:56184
Begin MonoManager ReloadAssembly
Registering precompiled unity dll's ...
Register platform support module: C:/Program Files/Unity/Hub/Editor/2020.3.0f1/Editor/Data/PlaybackEngines/WindowsStandaloneSupport/UnityEditor.WindowsStandalone.Extensions.dll
Registered in 0.021904 seconds.
Native extension for WindowsStandalone target not found
Refreshing native plugins compatible for Editor in 97.25 ms, found 0 plugins.
Preloading 0 native plugins for Editor in 0.00 ms.
Invoked RoslynAnalysisRunner static constructor.
RoslynAnalysisRunner will not be running.
RoslynAnalysisRunner has terminated.
Mono: successfully reloaded assembly
- Completed reload, in  7.523 seconds
Platform modules already initialized, skipping
Registering precompiled user dll's ...
Registered in 0.006681 seconds.
Begin MonoManager ReloadAssembly
Native extension for WindowsStandalone target not found
Refreshing native plugins compatible for Editor in 0.87 ms, found 0 plugins.
Preloading 0 native plugins for Editor in 0.00 ms.
Invoked RoslynAnalysisRunner static constructor.
RoslynAnalysisRunner will not be running.
RoslynAnalysisRunner has terminated.
Mono: successfully reloaded assembly
- Completed reload, in  3.937 seconds
Platform modules already initialized, skipping
========================================================================
Worker process is ready to serve import requests
Launched and connected shader compiler UnityShaderCompiler.exe after 0.40 seconds
Refreshing native plugins compatible for Editor in 1.32 ms, found 0 plugins.
Preloading 0 native plugins for Editor in 0.00 ms.
Unloading 1124 Unused Serialized files (Serialized files now loaded: 0)
System memory in use before: 76.5 MB.
System memory in use after: 76.5 MB.

Unloading 10 unused Assets to reduce memory usage. Loaded Objects now: 1586.
Total: 10.476000 ms (FindLiveObjects: 0.606400 ms CreateObjectMapping: 0.300600 ms MarkObjects: 9.178400 ms  DeleteObjects: 0.374800 ms)

========================================================================
Received Import Request.
  path: Assets/Scripts/GameMange.cs
  artifactKey: Guid(b234ec6806c2e644b826f29f728fce6a) Importer(815301076,1909f56bfc062723c751e8b465ee728b)
Start importing Assets/Scripts/GameMange.cs using Guid(b234ec6806c2e644b826f29f728fce6a) Importer(815301076,1909f56bfc062723c751e8b465ee728b)  -> (artifact id: 'eb98eb4c1a005dd244db3e8cb3930a72') in 0.252373 seconds
  Import took 0.262237 seconds .

========================================================================
Received Import Request.
  Time since last request: 232.029340 seconds.
  path: Assets/Scripts/GameMange.cs
  artifactKey: Guid(b234ec6806c2e644b826f29f728fce6a) Importer(815301076,1909f56bfc062723c751e8b465ee728b)
Start importing Assets/Scripts/GameMange.cs using Guid(b234ec6806c2e644b826f29f728fce6a) Importer(815301076,1909f56bfc062723c751e8b465ee728b)  -> (artifact id: '20b088ad0bc02621d0ab3c69495bff67') in 0.029423 seconds
  Import took 0.037154 seconds .

========================================================================
Received Import Request.
  Time since last request: 467.225539 seconds.
  path: Assets/Scripts/GameMange.cs
  artifactKey: Guid(b234ec6806c2e644b826f29f728fce6a) Importer(815301076,1909f56bfc062723c751e8b465ee728b)
Start importing Assets/Scripts/GameMange.cs using Guid(b234ec6806c2e644b826f29f728fce6a) Importer(815301076,1909f56bfc062723c751e8b465ee728b)  -> (artifact id: '1a9a069431710cdcaeacf1e77829b27d') in 0.056429 seconds
  Import took 0.089435 seconds .

========================================================================
Received Import Request.
  Time since last request: 0.018163 seconds.
  path: Assets/Scripts/GameMange.cs
  artifactKey: Guid(b234ec6806c2e644b826f29f728fce6a) Importer(815301076,1909f56bfc062723c751e8b465ee728b)
Start importing Assets/Scripts/GameMange.cs using Guid(b234ec6806c2e644b826f29f728fce6a) Importer(815301076,1909f56bfc062723c751e8b465ee728b)  -> (artifact id: '1a9a069431710cdcaeacf1e77829b27d') in 0.040467 seconds
  Import took 0.050940 seconds .

========================================================================
Received Import Request.
  Time since last request: 305.256168 seconds.
  path: Assets/Scripts/GameMange.cs
  artifactKey: Guid(b234ec6806c2e644b826f29f728fce6a) Importer(815301076,1909f56bfc062723c751e8b465ee728b)
Start importing Assets/Scripts/GameMange.cs using Guid(b234ec6806c2e644b826f29f728fce6a) Importer(815301076,1909f56bfc062723c751e8b465ee728b)  -> (artifact id: 'e29c3fe93f1b0bc35557fadd689df8ab') in 0.099031 seconds
  Import took 0.118854 seconds .

========================================================================
Received Import Request.
  Time since last request: 0.001484 seconds.
  path: Assets/Scripts/GameMange.cs
  artifactKey: Guid(b234ec6806c2e644b826f29f728fce6a) Importer(815301076,1909f56bfc062723c751e8b465ee728b)
Start importing Assets/Scripts/GameMange.cs using Guid(b234ec6806c2e644b826f29f728fce6a) Importer(815301076,1909f56bfc062723c751e8b465ee728b)  -> (artifact id: 'e29c3fe93f1b0bc35557fadd689df8ab') in 0.035100 seconds
  Import took 0.045284 seconds .

========================================================================
Received Prepare
Registering precompiled user dll's ...
Registered in 0.006593 seconds.
Begin MonoManager ReloadAssembly
Native extension for WindowsStandalone target not found
Refreshing native plugins compatible for Editor in 0.57 ms, found 0 plugins.
Preloading 0 native plugins for Editor in 0.00 ms.
Invoked RoslynAnalysisRunner static constructor.
RoslynAnalysisRunner will not be running.
RoslynAnalysisRunner has terminated.
Mono: successfully reloaded assembly
- Completed reload, in  3.195 seconds
Platform modules already initialized, skipping
Refreshing native plugins compatible for Editor in 0.69 ms, found 0 plugins.
Preloading 0 native plugins for Editor in 0.00 ms.
Unloading 1119 Unused Serialized files (Serialized files now loaded: 0)
System memory in use before: 76.4 MB.
System memory in use after: 76.5 MB.

Unloading 5 unused Assets to reduce memory usage. Loaded Objects now: 1589.
Total: 5.771700 ms (FindLiveObjects: 0.581100 ms CreateObjectMapping: 0.153300 ms MarkObjects: 4.809700 ms  DeleteObjects: 0.223300 ms)

========================================================================
Received Prepare
Registering precompiled user dll's ...
Registered in 0.005125 seconds.
Begin MonoManager ReloadAssembly
Native extension for WindowsStandalone target not found
Refreshing native plugins compatible for Editor in 0.86 ms, found 0 plugins.
Preloading 0 native plugins for Editor in 0.00 ms.
Invoked RoslynAnalysisRunner static constructor.
RoslynAnalysisRunner will not be running.
RoslynAnalysisRunner has terminated.
Mono: successfully reloaded assembly
- Completed reload, in  3.309 seconds
Platform modules already initialized, skipping
Refreshing native plugins compatible for Editor in 0.67 ms, found 0 plugins.
Preloading 0 native plugins for Editor in 0.00 ms.
Unloading 1119 Unused Serialized files (Serialized files now loaded: 0)
System memory in use before: 76.5 MB.
System memory in use after: 76.5 MB.

Unloading 5 unused Assets to reduce memory usage. Loaded Objects now: 1592.
Total: 5.781200 ms (FindLiveObjects: 0.601400 ms CreateObjectMapping: 0.142400 ms MarkObjects: 4.829100 ms  DeleteObjects: 0.203500 ms)

========================================================================
Received Prepare
Registering precompiled user dll's ...
Registered in 0.005439 seconds.
Begin MonoManager ReloadAssembly
Native extension for WindowsStandalone target not found
Refreshing native plugins compatible for Editor in 0.59 ms, found 0 plugins.
Preloading 0 native plugins for Editor in 0.00 ms.
Invoked RoslynAnalysisRunner static constructor.
RoslynAnalysisRunner will not be running.
RoslynAnalysisRunner has terminated.
Mono: successfully reloaded assembly
- Completed reload, in  3.175 seconds
Platform modules already initialized, skipping
Refreshing native plugins compatible for Editor in 0.58 ms, found 0 plugins.
Preloading 0 native plugins for Editor in 0.00 ms.
Unloading 1119 Unused Serialized files (Serialized files now loaded: 0)
System memory in use before: 76.5 MB.
System memory in use after: 76.5 MB.

Unloading 5 unused Assets to reduce memory usage. Loaded Objects now: 1595.
Total: 6.257200 ms (FindLiveObjects: 0.330600 ms CreateObjectMapping: 0.077700 ms MarkObjects: 5.625000 ms  DeleteObjects: 0.219700 ms)

========================================================================
Received Prepare
Registering precompiled user dll's ...
Registered in 0.007065 seconds.
Begin MonoManager ReloadAssembly
Native extension for WindowsStandalone target not found
Refreshing native plugins compatible for Editor in 0.56 ms, found 0 plugins.
Preloading 0 native plugins for Editor in 0.00 ms.
Invoked RoslynAnalysisRunner static constructor.
RoslynAnalysisRunner will not be running.
RoslynAnalysisRunner has terminated.
Mono: successfully reloaded assembly
- Completed reload, in  3.317 seconds
Platform modules already initialized, skipping
Refreshing native plugins compatible for Editor in 0.55 ms, found 0 plugins.
Preloading 0 native plugins for Editor in 0.00 ms.
Unloading 1119 Unused Serialized files (Serialized files now loaded: 0)
System memory in use before: 76.5 MB.
System memory in use after: 76.6 MB.

Unloading 5 unused Assets to reduce memory usage. Loaded Objects now: 1598.
Total: 4.870700 ms (FindLiveObjects: 0.370400 ms CreateObjectMapping: 0.076700 ms MarkObjects: 4.209800 ms  DeleteObjects: 0.209100 ms)

========================================================================
Received Import Request.
  Time since last request: 761.711581 seconds.
  path: Assets/1QuarterView 3D Action BE5/Sprites/Title.png
  artifactKey: Guid(30d34a086fddb334cabc51ff314daf9a) Importer(815301076,1909f56bfc062723c751e8b465ee728b)
Start importing Assets/1QuarterView 3D Action BE5/Sprites/Title.png using Guid(30d34a086fddb334cabc51ff314daf9a) Importer(815301076,1909f56bfc062723c751e8b465ee728b)  -> (artifact id: 'e2914dceeea961f98bf0d9c66e3f2085') in 0.527449 seconds
  Import took 0.535266 seconds .

========================================================================
Received Import Request.
  Time since last request: 0.008153 seconds.
  path: Assets/1QuarterView 3D Action BE5/Sprites/Title.png
  artifactKey: Guid(30d34a086fddb334cabc51ff314daf9a) Importer(815301076,1909f56bfc062723c751e8b465ee728b)
Start importing Assets/1QuarterView 3D Action BE5/Sprites/Title.png using Guid(30d34a086fddb334cabc51ff314daf9a) Importer(815301076,1909f56bfc062723c751e8b465ee728b)  -> (artifact id: 'e2914dceeea961f98bf0d9c66e3f2085') in 0.051756 seconds
  Import took 0.058826 seconds .

========================================================================
Received Import Request.
  Time since last request: 0.837848 seconds.
  path: Assets/1QuarterView 3D Action BE5/Sprites/Panel A.png
  artifactKey: Guid(e56d2c466aae6dc4b96148e5b2431756) Importer(815301076,1909f56bfc062723c751e8b465ee728b)
Start importing Assets/1QuarterView 3D Action BE5/Sprites/Panel A.png using Guid(e56d2c466aae6dc4b96148e5b2431756) Importer(815301076,1909f56bfc062723c751e8b465ee728b)  -> (artifact id: '1e29e4687731c40b35022ac14315bdcb') in 0.070546 seconds
  Import took 0.077019 seconds .

========================================================================
Received Import Request.
  Time since last request: 0.001196 seconds.
  path: Assets/1QuarterView 3D Action BE5/Sprites/Icon Weapon HandGun.png
  artifactKey: Guid(3260f72e5b6eec24587b9132cb1ae0a0) Importer(815301076,1909f56bfc062723c751e8b465ee728b)
Start importing Assets/1QuarterView 3D Action BE5/Sprites/Icon Weapon HandGun.png using Guid(3260f72e5b6eec24587b9132cb1ae0a0) Importer(815301076,1909f56bfc062723c751e8b465ee728b)  -> (artifact id: '8fad117070663c6e7ae268525056f318') in 0.078369 seconds
  Import took 0.084501 seconds .

========================================================================
Received Import Request.
  Time since last request: 0.000940 seconds.
  path: Assets/1QuarterView 3D Action BE5/Sprites/Panel B.png
  artifactKey: Guid(9dbac7399ba13ae4caa7872cd0ddf9c6) Importer(815301076,1909f56bfc062723c751e8b465ee728b)
Start importing Assets/1QuarterView 3D Action BE5/Sprites/Panel B.png using Guid(9dbac7399ba13ae4caa7872cd0ddf9c6) Importer(815301076,1909f56bfc062723c751e8b465ee728b)  -> (artifact id: '106f6436675c101597fe11f13f0fa555') in 0.061437 seconds
  Import took 0.067156 seconds .

========================================================================
Received Import Request.
  Time since last request: 0.000954 seconds.
  path: Assets/1QuarterView 3D Action BE5/Sprites/Icon Weapon SubMachineGun.png
  artifactKey: Guid(744566287c3cef64f9b897280e5d9b1a) Importer(815301076,1909f56bfc062723c751e8b465ee728b)
Start importing Assets/1QuarterView 3D Action BE5/Sprites/Icon Weapon SubMachineGun.png using Guid(744566287c3cef64f9b897280e5d9b1a) Importer(815301076,1909f56bfc062723c751e8b465ee728b)  -> (artifact id: '678955afcc7a9448b643d5f89a206c4e') in 0.070886 seconds
  Import took 0.078022 seconds .

========================================================================
Received Import Request.
  Time since last request: 0.290758 seconds.
  path: Assets/1QuarterView 3D Action BE5/Sprites/Icon Stage Mini.png
  artifactKey: Guid(98f841c6ac46d174ca4f358018ab8de0) Importer(815301076,1909f56bfc062723c751e8b465ee728b)
Start importing Assets/1QuarterView 3D Action BE5/Sprites/Icon Stage Mini.png using Guid(98f841c6ac46d174ca4f358018ab8de0) Importer(815301076,1909f56bfc062723c751e8b465ee728b)  -> (artifact id: '3f32a789aafea33c98710b983bcf1314') in 0.082399 seconds
  Import took 0.094417 seconds .

========================================================================
Received Import Request.
  Time since last request: 0.000778 seconds.
  path: Assets/1QuarterView 3D Action BE5/Sprites/Icon Weapon Hammer.png
  artifactKey: Guid(1c436558df0caa04eb65bf6f8d065918) Importer(815301076,1909f56bfc062723c751e8b465ee728b)
Start importing Assets/1QuarterView 3D Action BE5/Sprites/Icon Weapon Hammer.png using Guid(1c436558df0caa04eb65bf6f8d065918) Importer(815301076,1909f56bfc062723c751e8b465ee728b)  -> (artifact id: 'c8901733745df8345683056ca2552d15') in 0.077455 seconds
  Import took 0.084999 seconds .

========================================================================
Received Import Request.
  Time since last request: 0.000888 seconds.
  path: Assets/1QuarterView 3D Action BE5/Sprites/Icon Weapon Grenade.png
  artifactKey: Guid(4e5b816343df5574c8a051077a2156b9) Importer(815301076,1909f56bfc062723c751e8b465ee728b)
Start importing Assets/1QuarterView 3D Action BE5/Sprites/Icon Weapon Grenade.png using Guid(4e5b816343df5574c8a051077a2156b9) Importer(815301076,1909f56bfc062723c751e8b465ee728b)  -> (artifact id: 'dcd489f81aba9d2ceb6d4a044c093c73') in 0.159236 seconds
  Import took 0.167965 seconds .

========================================================================
Received Import Request.
  Time since last request: 0.000872 seconds.
  path: Assets/1QuarterView 3D Action BE5/Sprites/Icon NumR.png
  artifactKey: Guid(42333eca44e9f5c4f945a0f2f5d4f9f0) Importer(815301076,1909f56bfc062723c751e8b465ee728b)
Start importing Assets/1QuarterView 3D Action BE5/Sprites/Icon NumR.png using Guid(42333eca44e9f5c4f945a0f2f5d4f9f0) Importer(815301076,1909f56bfc062723c751e8b465ee728b)  -> (artifact id: '3393db35ac52a72cf18445e2e9ba4841') in 0.074984 seconds
  Import took 0.082224 seconds .

========================================================================
Received Import Request.
  Time since last request: 0.000859 seconds.
  path: Assets/1QuarterView 3D Action BE5/Sprites/Icon Score Mini.png
  artifactKey: Guid(f7002bf3869bab049b5be32d04507214) Importer(815301076,1909f56bfc062723c751e8b465ee728b)
Start importing Assets/1QuarterView 3D Action BE5/Sprites/Icon Score Mini.png using Guid(f7002bf3869bab049b5be32d04507214) Importer(815301076,1909f56bfc062723c751e8b465ee728b)  -> (artifact id: 'f8cd099dd3a4c8cb87a7fada59f7fe64') in 0.153951 seconds
  Import took 0.162059 seconds .

========================================================================
Received Import Request.
  Time since last request: 0.002550 seconds.
  path: Assets/1QuarterView 3D Action BE5/Sprites/Icon Num4.png
  artifactKey: Guid(3fa2ed196fd9aaf43a8f4ece48a41f44) Importer(815301076,1909f56bfc062723c751e8b465ee728b)
Start importing Assets/1QuarterView 3D Action BE5/Sprites/Icon Num4.png using Guid(3fa2ed196fd9aaf43a8f4ece48a41f44) Importer(815301076,1909f56bfc062723c751e8b465ee728b)  -> (artifact id: '770df77ba7d62d9bb5c8d19d8c1a3cb6') in 0.114234 seconds
  Import took 0.124844 seconds .

========================================================================
Received Import Request.
  Time since last request: 0.001210 seconds.
  path: Assets/1QuarterView 3D Action BE5/Sprites/Icon Time Mini.png
  artifactKey: Guid(e95dee2852d9b334b89f8fe9bd113319) Importer(815301076,1909f56bfc062723c751e8b465ee728b)
Start importing Assets/1QuarterView 3D Action BE5/Sprites/Icon Time Mini.png using Guid(e95dee2852d9b334b89f8fe9bd113319) Importer(815301076,1909f56bfc062723c751e8b465ee728b)  -> (artifact id: '55b739b60a33dca9f30f4727064602e4') in 0.065113 seconds
  Import took 0.074474 seconds .

========================================================================
Received Import Request.
  Time since last request: 0.000936 seconds.
  path: Assets/1QuarterView 3D Action BE5/Sprites/Icon NumL.png
  artifactKey: Guid(9645d9c85921f964db0eabb1de4d11af) Importer(815301076,1909f56bfc062723c751e8b465ee728b)
Start importing Assets/1QuarterView 3D Action BE5/Sprites/Icon NumL.png using Guid(9645d9c85921f964db0eabb1de4d11af) Importer(815301076,1909f56bfc062723c751e8b465ee728b)  -> (artifact id: '7a3492a7c7fc4ec5e90754d7d85e1dda') in 0.065042 seconds
  Import took 0.072105 seconds .

========================================================================
Received Import Request.
  Time since last request: 49.195681 seconds.
  path: Assets/1QuarterView 3D Action BE5/Textures/_Pattern.png
  artifactKey: Guid(dd3fb6baae3a2b14f9a23ec6ed2db723) Importer(815301076,1909f56bfc062723c751e8b465ee728b)
Start importing Assets/1QuarterView 3D Action BE5/Textures/_Pattern.png using Guid(dd3fb6baae3a2b14f9a23ec6ed2db723) Importer(815301076,1909f56bfc062723c751e8b465ee728b)  -> (artifact id: '9804b72848e51c9e8309e9bc10cf86e8') in 0.095163 seconds
  Import took 0.101218 seconds .

========================================================================
Received Import Request.
  Time since last request: 0.001254 seconds.
  path: Assets/1QuarterView 3D Action BE5/Demo/Demo/Ac EnemyC.overrideController
  artifactKey: Guid(91e804a69142e3e4782132955f2b6846) Importer(815301076,1909f56bfc062723c751e8b465ee728b)
Start importing Assets/1QuarterView 3D Action BE5/Demo/Demo/Ac EnemyC.overrideController using Guid(91e804a69142e3e4782132955f2b6846) Importer(815301076,1909f56bfc062723c751e8b465ee728b)  -> (artifact id: '50a52fc36a772a6fc7d5fb70c85bc7f2') in 0.137173 seconds
  Import took 0.144330 seconds .

========================================================================
Received Import Request.
  Time since last request: 0.000974 seconds.
  path: Assets/1QuarterView 3D Action BE5/Demo/Demo/Ac EnemyD.overrideController
  artifactKey: Guid(20b0472eebcfd7143845b13e3bececf3) Importer(815301076,1909f56bfc062723c751e8b465ee728b)
Start importing Assets/1QuarterView 3D Action BE5/Demo/Demo/Ac EnemyD.overrideController using Guid(20b0472eebcfd7143845b13e3bececf3) Importer(815301076,1909f56bfc062723c751e8b465ee728b)  -> (artifact id: '6f9f3d1712618938e27c346e3c7777a7') in 0.161044 seconds
  Import took 0.168641 seconds .

========================================================================
Received Import Request.
  Time since last request: 0.000860 seconds.
  path: Assets/1QuarterView 3D Action BE5/Textures/_Pattern.png
  artifactKey: Guid(dd3fb6baae3a2b14f9a23ec6ed2db723) Importer(815301076,1909f56bfc062723c751e8b465ee728b)
Start importing Assets/1QuarterView 3D Action BE5/Textures/_Pattern.png using Guid(dd3fb6baae3a2b14f9a23ec6ed2db723) Importer(815301076,1909f56bfc062723c751e8b465ee728b)  -> (artifact id: '9804b72848e51c9e8309e9bc10cf86e8') in 0.051530 seconds
  Import took 0.058227 seconds .

========================================================================
Received Import Request.
  Time since last request: 0.001013 seconds.
  path: Assets/1QuarterView 3D Action BE5/Textures/_Tile.png
  artifactKey: Guid(6ac9503792aec6948bc963e33d6b5525) Importer(815301076,1909f56bfc062723c751e8b465ee728b)
Start importing Assets/1QuarterView 3D Action BE5/Textures/_Tile.png using Guid(6ac9503792aec6948bc963e33d6b5525) Importer(815301076,1909f56bfc062723c751e8b465ee728b)  -> (artifact id: '28d61a6dd2b438f3ba295dff1f6833ca') in 0.063027 seconds
  Import took 0.069980 seconds .

========================================================================
Received Import Request.
  Time since last request: 0.001133 seconds.
  path: Assets/1QuarterView 3D Action BE5/Demo/Demo/Ac EnemyA.overrideController
  artifactKey: Guid(7b3b034a6e099a642990097e756d2555) Importer(815301076,1909f56bfc062723c751e8b465ee728b)
Start importing Assets/1QuarterView 3D Action BE5/Demo/Demo/Ac EnemyA.overrideController using Guid(7b3b034a6e099a642990097e756d2555) Importer(815301076,1909f56bfc062723c751e8b465ee728b)  -> (artifact id: '00eeb5136c46819554709cc1fdf93e92') in 0.058759 seconds
  Import took 0.065503 seconds .

========================================================================
Received Import Request.
  Time since last request: 0.001080 seconds.
  path: Assets/1QuarterView 3D Action BE5/Demo/Demo/Ac Ludo.overrideController
  artifactKey: Guid(e5ac3212b225d4f43a698aa45185735d) Importer(815301076,1909f56bfc062723c751e8b465ee728b)
Start importing Assets/1QuarterView 3D Action BE5/Demo/Demo/Ac Ludo.overrideController using Guid(e5ac3212b225d4f43a698aa45185735d) Importer(815301076,1909f56bfc062723c751e8b465ee728b)  -> (artifact id: 'cf2d1237a4d218b4d6b9e469cd84f875') in 0.080132 seconds
  Import took 0.086288 seconds .

========================================================================
Received Import Request.
  Time since last request: 0.000902 seconds.
  path: Assets/1QuarterView 3D Action BE5/Demo/Demo/Ac Luna.overrideController
  artifactKey: Guid(0c1be902f058be04dbb1732da08d51f2) Importer(815301076,1909f56bfc062723c751e8b465ee728b)
Start importing Assets/1QuarterView 3D Action BE5/Demo/Demo/Ac Luna.overrideController using Guid(0c1be902f058be04dbb1732da08d51f2) Importer(815301076,1909f56bfc062723c751e8b465ee728b)  -> (artifact id: 'cf92648eee587ca7fbad95b079576b49') in 0.081229 seconds
  Import took 0.090227 seconds .

========================================================================
Received Import Request.
  Time since last request: 0.000897 seconds.
  path: Assets/1QuarterView 3D Action BE5/Demo/Demo/Ac EnemyB.overrideController
  artifactKey: Guid(8c09e8cbeb811b443905cb02b2ec8238) Importer(815301076,1909f56bfc062723c751e8b465ee728b)
Start importing Assets/1QuarterView 3D Action BE5/Demo/Demo/Ac EnemyB.overrideController using Guid(8c09e8cbeb811b443905cb02b2ec8238) Importer(815301076,1909f56bfc062723c751e8b465ee728b)  -> (artifact id: '3039e83c70b1f85d969f1065b41363a2') in 0.070809 seconds
  Import took 0.079096 seconds .

========================================================================
Received Import Request.
  Time since last request: 0.046000 seconds.
  path: Assets/1QuarterView 3D Action BE5/Demo/Demo/Ac Luna.overrideController
  artifactKey: Guid(0c1be902f058be04dbb1732da08d51f2) Importer(815301076,1909f56bfc062723c751e8b465ee728b)
Start importing Assets/1QuarterView 3D Action BE5/Demo/Demo/Ac Luna.overrideController using Guid(0c1be902f058be04dbb1732da08d51f2) Importer(815301076,1909f56bfc062723c751e8b465ee728b)  -> (artifact id: 'cf92648eee587ca7fbad95b079576b49') in 0.030667 seconds
  Import took 0.037730 seconds .

========================================================================
Received Import Request.
  Time since last request: 15.630979 seconds.
  path: Assets/1QuarterView 3D Action BE5/Textures/Boss Rock.png
  artifactKey: Guid(86384051d3792ce47a8dffdbd4f6361e) Importer(815301076,1909f56bfc062723c751e8b465ee728b)
Start importing Assets/1QuarterView 3D Action BE5/Textures/Boss Rock.png using Guid(86384051d3792ce47a8dffdbd4f6361e) Importer(815301076,1909f56bfc062723c751e8b465ee728b)  -> (artifact id: '00b222db993dab5f27bb16f9c5d3a895') in 0.124904 seconds
  Import took 0.133916 seconds .

========================================================================
Received Import Request.
  Time since last request: 0.286822 seconds.
  path: Assets/1QuarterView 3D Action BE5/Textures/Bullet Case.png
  artifactKey: Guid(0cc401fda21a95849bb017f17d80bda4) Importer(815301076,1909f56bfc062723c751e8b465ee728b)
Start importing Assets/1QuarterView 3D Action BE5/Textures/Bullet Case.png using Guid(0cc401fda21a95849bb017f17d80bda4) Importer(815301076,1909f56bfc062723c751e8b465ee728b)  -> (artifact id: 'f79b8715083a3e18c2b8d83a454d9966') in 0.071329 seconds
  Import took 0.078321 seconds .

========================================================================
Received Import Request.
  Time since last request: 0.022225 seconds.
  path: Assets/1QuarterView 3D Action BE5/Textures/Bullet Case.png
  artifactKey: Guid(0cc401fda21a95849bb017f17d80bda4) Importer(815301076,1909f56bfc062723c751e8b465ee728b)
Start importing Assets/1QuarterView 3D Action BE5/Textures/Bullet Case.png using Guid(0cc401fda21a95849bb017f17d80bda4) Importer(815301076,1909f56bfc062723c751e8b465ee728b)  -> (artifact id: 'f79b8715083a3e18c2b8d83a454d9966') in 0.035953 seconds
  Import took 0.042415 seconds .

========================================================================
Received Import Request.
  Time since last request: 0.187448 seconds.
  path: Assets/1QuarterView 3D Action BE5/Textures/Coin Bronze.png
  artifactKey: Guid(3b1769091f98c304bb39610f0f6642c0) Importer(815301076,1909f56bfc062723c751e8b465ee728b)
Start importing Assets/1QuarterView 3D Action BE5/Textures/Coin Bronze.png using Guid(3b1769091f98c304bb39610f0f6642c0) Importer(815301076,1909f56bfc062723c751e8b465ee728b)  -> (artifact id: 'c9cf108855db3a0e60d5f5b7883a7972') in 0.085447 seconds
  Import took 0.093956 seconds .

========================================================================
Received Import Request.
  Time since last request: 0.001084 seconds.
  path: Assets/1QuarterView 3D Action BE5/Textures/Coin Gold.png
  artifactKey: Guid(843ec11e575c45148be9468dd4e00a8c) Importer(815301076,1909f56bfc062723c751e8b465ee728b)
Start importing Assets/1QuarterView 3D Action BE5/Textures/Coin Gold.png using Guid(843ec11e575c45148be9468dd4e00a8c) Importer(815301076,1909f56bfc062723c751e8b465ee728b)  -> (artifact id: '56a6df907feb3a6aec84fcd43d9b95a3') in 0.079018 seconds
  Import took 0.086568 seconds .

========================================================================
Received Import Request.
  Time since last request: 0.029122 seconds.
  path: Assets/1QuarterView 3D Action BE5/Textures/Coin Silver.png
  artifactKey: Guid(4d326d723433e364a84a0db839113fe3) Importer(815301076,1909f56bfc062723c751e8b465ee728b)
Start importing Assets/1QuarterView 3D Action BE5/Textures/Coin Silver.png using Guid(4d326d723433e364a84a0db839113fe3) Importer(815301076,1909f56bfc062723c751e8b465ee728b)  -> (artifact id: '582d155ce03a07c018c0fe14f5504cfc') in 0.071045 seconds
  Import took 0.077431 seconds .

========================================================================
Received Import Request.
  Time since last request: 0.114817 seconds.
  path: Assets/TextMesh Pro/Resources/Style Sheets/Default Style Sheet.asset
  artifactKey: Guid(f952c082cb03451daed3ee968ac6c63e) Importer(815301076,1909f56bfc062723c751e8b465ee728b)
Start importing Assets/TextMesh Pro/Resources/Style Sheets/Default Style Sheet.asset using Guid(f952c082cb03451daed3ee968ac6c63e) Importer(815301076,1909f56bfc062723c751e8b465ee728b)  -> (artifact id: '364e1a425941ebb6851bd4dcbf6530e8') in 0.050510 seconds
  Import took 0.058908 seconds .

========================================================================
Received Import Request.
  Time since last request: 0.284500 seconds.
  path: Assets/TextMesh Pro/Resources/Sprite Assets/EmojiOne.asset
  artifactKey: Guid(c41005c129ba4d66911b75229fd70b45) Importer(815301076,1909f56bfc062723c751e8b465ee728b)
Start importing Assets/TextMesh Pro/Resources/Sprite Assets/EmojiOne.asset using Guid(c41005c129ba4d66911b75229fd70b45) Importer(815301076,1909f56bfc062723c751e8b465ee728b)  -> (artifact id: '08c86057e76dbab86fd5a5497b65f1ed') in 0.055885 seconds
  Import took 0.063553 seconds .

========================================================================
Received Import Request.
  Time since last request: 0.001138 seconds.
  path: Assets/TextMesh Pro/Sprites/EmojiOne.png
  artifactKey: Guid(dffef66376be4fa480fb02b19edbe903) Importer(815301076,1909f56bfc062723c751e8b465ee728b)
Start importing Assets/TextMesh Pro/Sprites/EmojiOne.png using Guid(dffef66376be4fa480fb02b19edbe903) Importer(815301076,1909f56bfc062723c751e8b465ee728b)  -> (artifact id: '020ef5bd05796b6f1b5d86d1905a212b') in 0.050596 seconds
  Import took 0.056627 seconds .

========================================================================
Received Import Request.
  Time since last request: 0.000960 seconds.
  path: Assets/1QuarterView 3D Action BE5/Textures/Enemy A.png
  artifactKey: Guid(9a6a65bceac8a8c4195a90a84a4e6459) Importer(815301076,1909f56bfc062723c751e8b465ee728b)
Start importing Assets/1QuarterView 3D Action BE5/Textures/Enemy A.png using Guid(9a6a65bceac8a8c4195a90a84a4e6459) Importer(815301076,1909f56bfc062723c751e8b465ee728b)  -> (artifact id: '3533bed7576c21218d429fbe18166ecd') in 0.051770 seconds
  Import took 0.057862 seconds .

========================================================================
Received Import Request.
  Time since last request: 0.001168 seconds.
  path: Assets/Prefabs/Enemy A.prefab
  artifactKey: Guid(a4c3ad755883ad8408e3df723408207a) Importer(815301076,1909f56bfc062723c751e8b465ee728b)
Start importing Assets/Prefabs/Enemy A.prefab using Guid(a4c3ad755883ad8408e3df723408207a) Importer(815301076,1909f56bfc062723c751e8b465ee728b)  -> (artifact id: 'cf63926a64166fd9d8959d56a1d01e86') in 0.165859 seconds
  Import took 0.172569 seconds .

========================================================================
Received Import Request.
  Time since last request: 0.001128 seconds.
  path: Assets/1QuarterView 3D Action BE5/Textures/Enemy B.png
  artifactKey: Guid(5fc6913241246d54b98db1b106e19ee1) Importer(815301076,1909f56bfc062723c751e8b465ee728b)
Start importing Assets/1QuarterView 3D Action BE5/Textures/Enemy B.png using Guid(5fc6913241246d54b98db1b106e19ee1) Importer(815301076,1909f56bfc062723c751e8b465ee728b)  -> (artifact id: 'be4ae45bfe935144762f7e36270c025c') in 0.060309 seconds
  Import took 0.067574 seconds .

========================================================================
Received Import Request.
  Time since last request: 0.001498 seconds.
  path: Assets/TextMesh Pro/Resources/Sprite Assets/EmojiOne.asset
  artifactKey: Guid(c41005c129ba4d66911b75229fd70b45) Importer(815301076,1909f56bfc062723c751e8b465ee728b)
Start importing Assets/TextMesh Pro/Resources/Sprite Assets/EmojiOne.asset using Guid(c41005c129ba4d66911b75229fd70b45) Importer(815301076,1909f56bfc062723c751e8b465ee728b)  -> (artifact id: '08c86057e76dbab86fd5a5497b65f1ed') in 0.072271 seconds
  Import took 0.082638 seconds .

========================================================================
Received Import Request.
  Time since last request: 0.001568 seconds.
  path: Assets/1QuarterView 3D Action BE5/Textures/Enemy D.png
  artifactKey: Guid(796c54f343685b142a9adde64cf8696e) Importer(815301076,1909f56bfc062723c751e8b465ee728b)
Start importing Assets/1QuarterView 3D Action BE5/Textures/Enemy D.png using Guid(796c54f343685b142a9adde64cf8696e) Importer(815301076,1909f56bfc062723c751e8b465ee728b)  -> (artifact id: '06efba35dd76e4769278561e5245036c') in 0.093746 seconds
  Import took 0.100779 seconds .

========================================================================
Received Import Request.
  Time since last request: 0.000855 seconds.
  path: Assets/1QuarterView 3D Action BE5/Textures/Enemy C.png
  artifactKey: Guid(efb1c84380e704f44aaf0a19777c0663) Importer(815301076,1909f56bfc062723c751e8b465ee728b)
Start importing Assets/1QuarterView 3D Action BE5/Textures/Enemy C.png using Guid(efb1c84380e704f44aaf0a19777c0663) Importer(815301076,1909f56bfc062723c751e8b465ee728b)  -> (artifact id: '067d42d0a515d8a1109795503ebaafd3') in 0.053387 seconds
  Import took 0.061016 seconds .

========================================================================
Received Import Request.
  Time since last request: 0.296901 seconds.
  path: Assets/TextMesh Pro/Fonts/LiberationSans.ttf
  artifactKey: Guid(e3265ab4bf004d28a9537516768c1c75) Importer(815301076,1909f56bfc062723c751e8b465ee728b)
Start importing Assets/TextMesh Pro/Fonts/LiberationSans.ttf using Guid(e3265ab4bf004d28a9537516768c1c75) Importer(815301076,1909f56bfc062723c751e8b465ee728b)  -> (artifact id: '9c7ec6a2a790a7598f2701074f94f584') in 0.173842 seconds
  Import took 0.182474 seconds .

========================================================================
Received Import Request.
  Time since last request: 0.306654 seconds.
  path: Assets/1QuarterView 3D Action BE5/Sprites/Guage Back.png
  artifactKey: Guid(43335735a8cdb1746b5605815e0a96e5) Importer(815301076,1909f56bfc062723c751e8b465ee728b)
Start importing Assets/1QuarterView 3D Action BE5/Sprites/Guage Back.png using Guid(43335735a8cdb1746b5605815e0a96e5) Importer(815301076,1909f56bfc062723c751e8b465ee728b)  -> (artifact id: 'ec067a1a4f94b9d37b375ae399e2b242') in 0.064793 seconds
  Import took 0.070864 seconds .

========================================================================
Received Import Request.
  Time since last request: 0.001079 seconds.
  path: Assets/1QuarterView 3D Action BE5/Sprites/Guage Front.png
  artifactKey: Guid(ab3b7539ba408154db6715ef45708b56) Importer(815301076,1909f56bfc062723c751e8b465ee728b)
Start importing Assets/1QuarterView 3D Action BE5/Sprites/Guage Front.png using Guid(ab3b7539ba408154db6715ef45708b56) Importer(815301076,1909f56bfc062723c751e8b465ee728b)  -> (artifact id: '978f9c642002298c3dd9f095417d2f60') in 0.066953 seconds
  Import took 0.074077 seconds .

========================================================================
Received Import Request.
  Time since last request: 0.948795 seconds.
  path: Assets/1QuarterView 3D Action BE5/ReadMe/Icon.png
  artifactKey: Guid(14c4b9c6e45f89548a3cfcc514ca788e) Importer(815301076,1909f56bfc062723c751e8b465ee728b)
Start importing Assets/1QuarterView 3D Action BE5/ReadMe/Icon.png using Guid(14c4b9c6e45f89548a3cfcc514ca788e) Importer(815301076,1909f56bfc062723c751e8b465ee728b)  -> (artifact id: '29f52f8d36bd67865825f3d31a8b6e1c') in 0.059951 seconds
  Import took 0.068231 seconds .

========================================================================
Received Import Request.
  Time since last request: 0.000802 seconds.
  path: Assets/1QuarterView 3D Action BE5/Sprites/Icon Ammo Mini.png
  artifactKey: Guid(142faba4ceb5fdf4aae7177252aecf72) Importer(815301076,1909f56bfc062723c751e8b465ee728b)
Start importing Assets/1QuarterView 3D Action BE5/Sprites/Icon Ammo Mini.png using Guid(142faba4ceb5fdf4aae7177252aecf72) Importer(815301076,1909f56bfc062723c751e8b465ee728b)  -> (artifact id: '0c7c4d9e77d0c417761f6b223bcb5184') in 0.064543 seconds
  Import took 0.071938 seconds .

========================================================================
Received Import Request.
  Time since last request: 0.000757 seconds.
  path: Assets/1QuarterView 3D Action BE5/Sprites/Icon Attack.png
  artifactKey: Guid(d839aa1982367874bac74affe829c2e4) Importer(815301076,1909f56bfc062723c751e8b465ee728b)
Start importing Assets/1QuarterView 3D Action BE5/Sprites/Icon Attack.png using Guid(d839aa1982367874bac74affe829c2e4) Importer(815301076,1909f56bfc062723c751e8b465ee728b)  -> (artifact id: '576c542ba10a2601020c8526227f702b') in 0.068135 seconds
  Import took 0.076066 seconds .

========================================================================
Received Import Request.
  Time since last request: 0.000929 seconds.
  path: Assets/1QuarterView 3D Action BE5/Sprites/Icon Ammo.png
  artifactKey: Guid(f88cc66088c6e4042ae13a50dfbb3662) Importer(815301076,1909f56bfc062723c751e8b465ee728b)
Start importing Assets/1QuarterView 3D Action BE5/Sprites/Icon Ammo.png using Guid(f88cc66088c6e4042ae13a50dfbb3662) Importer(815301076,1909f56bfc062723c751e8b465ee728b)  -> (artifact id: '36129b6fb01f134ca79708027591cae5') in 0.110138 seconds
  Import took 0.119891 seconds .

========================================================================
Received Import Request.
  Time since last request: 0.151289 seconds.
  path: Assets/1QuarterView 3D Action BE5/Sprites/Icon Boss.png
  artifactKey: Guid(08df90f463ef0d34dbb1c49eef665daf) Importer(815301076,1909f56bfc062723c751e8b465ee728b)
Start importing Assets/1QuarterView 3D Action BE5/Sprites/Icon Boss.png using Guid(08df90f463ef0d34dbb1c49eef665daf) Importer(815301076,1909f56bfc062723c751e8b465ee728b)  -> (artifact id: '9de35573af7e04794da170d582a0a159') in 0.068107 seconds
  Import took 0.074958 seconds .

========================================================================
Received Import Request.
  Time since last request: 0.001038 seconds.
  path: Assets/1QuarterView 3D Action BE5/Sprites/Icon Enemy B.png
  artifactKey: Guid(364eccac494de714d84a43b20fc715d2) Importer(815301076,1909f56bfc062723c751e8b465ee728b)
Start importing Assets/1QuarterView 3D Action BE5/Sprites/Icon Enemy B.png using Guid(364eccac494de714d84a43b20fc715d2) Importer(815301076,1909f56bfc062723c751e8b465ee728b)  -> (artifact id: '7bb330a85f5fdcebafb1d76ad506c620') in 0.066562 seconds
  Import took 0.072458 seconds .

========================================================================
Received Import Request.
  Time since last request: 0.000976 seconds.
  path: Assets/1QuarterView 3D Action BE5/Sprites/Icon Coin Mini.png
  artifactKey: Guid(771dc6d7f27969a4fb87ecdeab54ae71) Importer(815301076,1909f56bfc062723c751e8b465ee728b)
Start importing Assets/1QuarterView 3D Action BE5/Sprites/Icon Coin Mini.png using Guid(771dc6d7f27969a4fb87ecdeab54ae71) Importer(815301076,1909f56bfc062723c751e8b465ee728b)  -> (artifact id: 'c9f7461f45743d16d6960b3fe5ae9423') in 0.065123 seconds
  Import took 0.072369 seconds .

========================================================================
Received Import Request.
  Time since last request: 0.001091 seconds.
  path: Assets/1QuarterView 3D Action BE5/Sprites/Icon Enemy A.png
  artifactKey: Guid(1edd545fe3e8d0f458a679414f885c51) Importer(815301076,1909f56bfc062723c751e8b465ee728b)
Start importing Assets/1QuarterView 3D Action BE5/Sprites/Icon Enemy A.png using Guid(1edd545fe3e8d0f458a679414f885c51) Importer(815301076,1909f56bfc062723c751e8b465ee728b)  -> (artifact id: '0fb7838f8ffeb64cf5907fefc6d0d98b') in 0.063075 seconds
  Import took 0.070475 seconds .

========================================================================
Received Import Request.
  Time since last request: 0.000963 seconds.
  path: Assets/1QuarterView 3D Action BE5/Sprites/Icon Close.png
  artifactKey: Guid(1baaa93f3ec48804397f21b2614604d4) Importer(815301076,1909f56bfc062723c751e8b465ee728b)
Start importing Assets/1QuarterView 3D Action BE5/Sprites/Icon Close.png using Guid(1baaa93f3ec48804397f21b2614604d4) Importer(815301076,1909f56bfc062723c751e8b465ee728b)  -> (artifact id: 'cac7866d6ce8f2bdd13e79be4c27a3f5') in 0.078163 seconds
  Import took 0.084319 seconds .

========================================================================
Received Import Request.
  Time since last request: 0.003842 seconds.
  path: Assets/1QuarterView 3D Action BE5/Sprites/Icon Enemy C.png
  artifactKey: Guid(db84109231a678440817c74d1158239b) Importer(815301076,1909f56bfc062723c751e8b465ee728b)
Start importing Assets/1QuarterView 3D Action BE5/Sprites/Icon Enemy C.png using Guid(db84109231a678440817c74d1158239b) Importer(815301076,1909f56bfc062723c751e8b465ee728b)  -> (artifact id: 'a3bf6265497daaca625dae348e983996') in 0.063334 seconds
  Import took 0.069334 seconds .

========================================================================
Received Import Request.
  Time since last request: 0.000978 seconds.
  path: Assets/1QuarterView 3D Action BE5/Sprites/Icon Heart Mini.png
  artifactKey: Guid(47fbbf7a9c438ed4ea370ca0e59905ff) Importer(815301076,1909f56bfc062723c751e8b465ee728b)
Start importing Assets/1QuarterView 3D Action BE5/Sprites/Icon Heart Mini.png using Guid(47fbbf7a9c438ed4ea370ca0e59905ff) Importer(815301076,1909f56bfc062723c751e8b465ee728b)  -> (artifact id: '2180ed1953f2e33e62b10be7c80420f4') in 0.063184 seconds
  Import took 0.069802 seconds .

========================================================================
Received Import Request.
  Time since last request: 0.001003 seconds.
  path: Assets/1QuarterView 3D Action BE5/Sprites/Icon Enemy D.png
  artifactKey: Guid(7cfa1b153c7879f47a1220f94b9258ca) Importer(815301076,1909f56bfc062723c751e8b465ee728b)
Start importing Assets/1QuarterView 3D Action BE5/Sprites/Icon Enemy D.png using Guid(7cfa1b153c7879f47a1220f94b9258ca) Importer(815301076,1909f56bfc062723c751e8b465ee728b)  -> (artifact id: 'abe855337eab534760d3bcd4947a9fad') in 0.057415 seconds
  Import took 0.064006 seconds .

========================================================================
Received Import Request.
  Time since last request: 0.000952 seconds.
  path: Assets/1QuarterView 3D Action BE5/Sprites/Icon HP.png
  artifactKey: Guid(2625d5dadaba91045b5a47296428423e) Importer(815301076,1909f56bfc062723c751e8b465ee728b)
Start importing Assets/1QuarterView 3D Action BE5/Sprites/Icon HP.png using Guid(2625d5dadaba91045b5a47296428423e) Importer(815301076,1909f56bfc062723c751e8b465ee728b)  -> (artifact id: '255e55cc267c5f2a99f0ca2333eec18e') in 0.095310 seconds
  Import took 0.101749 seconds .

========================================================================
Received Import Request.
  Time since last request: 0.001323 seconds.
  path: Assets/1QuarterView 3D Action BE5/Sprites/Icon Heart.png
  artifactKey: Guid(3cadcd247345c2649b0e8fbd9ee6e8db) Importer(815301076,1909f56bfc062723c751e8b465ee728b)
Start importing Assets/1QuarterView 3D Action BE5/Sprites/Icon Heart.png using Guid(3cadcd247345c2649b0e8fbd9ee6e8db) Importer(815301076,1909f56bfc062723c751e8b465ee728b)  -> (artifact id: '9fd47b37fcd4a41b137a1ce6eb8c3526') in 0.078425 seconds
  Import took 0.084179 seconds .

========================================================================
Received Import Request.
  Time since last request: 0.000895 seconds.
  path: Assets/1QuarterView 3D Action BE5/Sprites/Icon Ludo.png
  artifactKey: Guid(be7633cc187ae604cb9808ff3c897195) Importer(815301076,1909f56bfc062723c751e8b465ee728b)
Start importing Assets/1QuarterView 3D Action BE5/Sprites/Icon Ludo.png using Guid(be7633cc187ae604cb9808ff3c897195) Importer(815301076,1909f56bfc062723c751e8b465ee728b)  -> (artifact id: '8fcf21e4ae2fe9ae4e39d34221e6daf2') in 0.088458 seconds
  Import took 0.094669 seconds .

========================================================================
Received Import Request.
  Time since last request: 0.001028 seconds.
  path: Assets/1QuarterView 3D Action BE5/Sprites/Icon Num1.png
  artifactKey: Guid(202d667d5a7bcf24a842ff4c86dad758) Importer(815301076,1909f56bfc062723c751e8b465ee728b)
Start importing Assets/1QuarterView 3D Action BE5/Sprites/Icon Num1.png using Guid(202d667d5a7bcf24a842ff4c86dad758) Importer(815301076,1909f56bfc062723c751e8b465ee728b)  -> (artifact id: '3536a72aa0faa1892d7edc4a5e141415') in 0.074314 seconds
  Import took 0.081352 seconds .

========================================================================
Received Import Request.
  Time since last request: 0.000947 seconds.
  path: Assets/1QuarterView 3D Action BE5/Sprites/Icon Num2.png
  artifactKey: Guid(5c882d95cfe4e2f43b8c0a1cdea6e0a5) Importer(815301076,1909f56bfc062723c751e8b465ee728b)
Start importing Assets/1QuarterView 3D Action BE5/Sprites/Icon Num2.png using Guid(5c882d95cfe4e2f43b8c0a1cdea6e0a5) Importer(815301076,1909f56bfc062723c751e8b465ee728b)  -> (artifact id: '3edb4faea66af6e87b7a72319f502f83') in 0.071673 seconds
  Import took 0.080093 seconds .

========================================================================
Received Import Request.
  Time since last request: 0.000877 seconds.
  path: Assets/1QuarterView 3D Action BE5/Sprites/Icon Luna.png
  artifactKey: Guid(9d986f49ce6cd534192f14632e916df7) Importer(815301076,1909f56bfc062723c751e8b465ee728b)
Start importing Assets/1QuarterView 3D Action BE5/Sprites/Icon Luna.png using Guid(9d986f49ce6cd534192f14632e916df7) Importer(815301076,1909f56bfc062723c751e8b465ee728b)  -> (artifact id: '70bc6dc01888c4ee16cd5ac11f68f110') in 0.095216 seconds
  Import took 0.103052 seconds .

========================================================================
Received Import Request.
  Time since last request: 0.000910 seconds.
  path: Assets/1QuarterView 3D Action BE5/Sprites/Icon Num3.png
  artifactKey: Guid(0d2f25e7fd882224c8d93d8f0580c63f) Importer(815301076,1909f56bfc062723c751e8b465ee728b)
Start importing Assets/1QuarterView 3D Action BE5/Sprites/Icon Num3.png using Guid(0d2f25e7fd882224c8d93d8f0580c63f) Importer(815301076,1909f56bfc062723c751e8b465ee728b)  -> (artifact id: '83c1c51fcfb10f10ddd7ff9a93e03307') in 0.072997 seconds
  Import took 0.081706 seconds .

========================================================================
Received Import Request.
  Time since last request: 115.712678 seconds.
  path: Assets/Scripts/Grenade.cs
  artifactKey: Guid(68ec22ebf1138a64ea912d4b9131541c) Importer(815301076,1909f56bfc062723c751e8b465ee728b)
Start importing Assets/Scripts/Grenade.cs using Guid(68ec22ebf1138a64ea912d4b9131541c) Importer(815301076,1909f56bfc062723c751e8b465ee728b)  -> (artifact id: '2440603f91a2db83bf5729d88f8b7f35') in 0.034082 seconds
  Import took 0.042126 seconds .

========================================================================
Received Import Request.
  Time since last request: 0.959214 seconds.
  path: Assets/Scripts/Item.cs
  artifactKey: Guid(588bfe24033c9eb4b8c2f545e6033edb) Importer(815301076,1909f56bfc062723c751e8b465ee728b)
Start importing Assets/Scripts/Item.cs using Guid(588bfe24033c9eb4b8c2f545e6033edb) Importer(815301076,1909f56bfc062723c751e8b465ee728b)  -> (artifact id: 'db4c5ea2e51814009d2cb5298015b279') in 0.027916 seconds
  Import took 0.033673 seconds .

========================================================================
Received Import Request.
  Time since last request: 1.379625 seconds.
  path: Assets/Scripts/Player.cs
  artifactKey: Guid(9537607b2ed8b0143a999cd1ea7536ab) Importer(815301076,1909f56bfc062723c751e8b465ee728b)
Start importing Assets/Scripts/Player.cs using Guid(9537607b2ed8b0143a999cd1ea7536ab) Importer(815301076,1909f56bfc062723c751e8b465ee728b)  -> (artifact id: '3a8ff74bd4ffc08be742e018c7c6bd02') in 0.031866 seconds
  Import took 0.039872 seconds .

========================================================================
Received Import Request.
  Time since last request: 0.004915 seconds.
  path: Assets/Scripts/Player.cs
  artifactKey: Guid(9537607b2ed8b0143a999cd1ea7536ab) Importer(815301076,1909f56bfc062723c751e8b465ee728b)
Start importing Assets/Scripts/Player.cs using Guid(9537607b2ed8b0143a999cd1ea7536ab) Importer(815301076,1909f56bfc062723c751e8b465ee728b)  -> (artifact id: '3a8ff74bd4ffc08be742e018c7c6bd02') in 0.019675 seconds
  Import took 0.026516 seconds .

========================================================================
Received Prepare
Registering precompiled user dll's ...
Registered in 0.005000 seconds.
Begin MonoManager ReloadAssembly
Native extension for WindowsStandalone target not found
Refreshing native plugins compatible for Editor in 1.00 ms, found 0 plugins.
Preloading 0 native plugins for Editor in 0.00 ms.
Invoked RoslynAnalysisRunner static constructor.
RoslynAnalysisRunner will not be running.
RoslynAnalysisRunner has terminated.
Mono: successfully reloaded assembly
- Completed reload, in  3.409 seconds
Platform modules already initialized, skipping
Refreshing native plugins compatible for Editor in 0.58 ms, found 0 plugins.
Preloading 0 native plugins for Editor in 0.00 ms.
Unloading 1132 Unused Serialized files (Serialized files now loaded: 0)
System memory in use before: 81.8 MB.
System memory in use after: 81.3 MB.

Unloading 18 unused Assets to reduce memory usage. Loaded Objects now: 1673.
Total: 5.837900 ms (FindLiveObjects: 0.521200 ms CreateObjectMapping: 0.108900 ms MarkObjects: 4.294500 ms  DeleteObjects: 0.908900 ms)

========================================================================
Received Prepare
Registering precompiled user dll's ...
Registered in 0.004858 seconds.
Begin MonoManager ReloadAssembly
Native extension for WindowsStandalone target not found
Refreshing native plugins compatible for Editor in 1.18 ms, found 0 plugins.
Preloading 0 native plugins for Editor in 0.00 ms.
Invoked RoslynAnalysisRunner static constructor.
RoslynAnalysisRunner will not be running.
RoslynAnalysisRunner has terminated.
Mono: successfully reloaded assembly
- Completed reload, in  3.101 seconds
Platform modules already initialized, skipping
Refreshing native plugins compatible for Editor in 0.69 ms, found 0 plugins.
Preloading 0 native plugins for Editor in 0.00 ms.
Unloading 1132 Unused Serialized files (Serialized files now loaded: 0)
System memory in use before: 81.8 MB.
System memory in use after: 81.3 MB.

Unloading 18 unused Assets to reduce memory usage. Loaded Objects now: 1676.
Total: 6.856000 ms (FindLiveObjects: 0.613100 ms CreateObjectMapping: 0.141700 ms MarkObjects: 5.082800 ms  DeleteObjects: 1.014000 ms)

========================================================================
Received Prepare
Registering precompiled user dll's ...
Registered in 0.006443 seconds.
Begin MonoManager ReloadAssembly
Native extension for WindowsStandalone target not found
Refreshing native plugins compatible for Editor in 0.57 ms, found 0 plugins.
Preloading 0 native plugins for Editor in 0.00 ms.
Invoked RoslynAnalysisRunner static constructor.
RoslynAnalysisRunner will not be running.
RoslynAnalysisRunner has terminated.
Mono: successfully reloaded assembly
- Completed reload, in  3.124 seconds
Platform modules already initialized, skipping
Refreshing native plugins compatible for Editor in 0.80 ms, found 0 plugins.
Preloading 0 native plugins for Editor in 0.00 ms.
Unloading 1132 Unused Serialized files (Serialized files now loaded: 0)
System memory in use before: 81.8 MB.
System memory in use after: 81.3 MB.

Unloading 18 unused Assets to reduce memory usage. Loaded Objects now: 1679.
Total: 7.931600 ms (FindLiveObjects: 0.593700 ms CreateObjectMapping: 0.161400 ms MarkObjects: 5.736500 ms  DeleteObjects: 1.433700 ms)

========================================================================
Received Prepare
Registering precompiled user dll's ...
Registered in 0.031079 seconds.
Begin MonoManager ReloadAssembly
Native extension for WindowsStandalone target not found
Refreshing native plugins compatible for Editor in 0.60 ms, found 0 plugins.
Preloading 0 native plugins for Editor in 0.00 ms.
Invoked RoslynAnalysisRunner static constructor.
RoslynAnalysisRunner will not be running.
RoslynAnalysisRunner has terminated.
Mono: successfully reloaded assembly
- Completed reload, in  4.960 seconds
Platform modules already initialized, skipping
Refreshing native plugins compatible for Editor in 0.61 ms, found 0 plugins.
Preloading 0 native plugins for Editor in 0.00 ms.
Unloading 1132 Unused Serialized files (Serialized files now loaded: 0)
System memory in use before: 81.8 MB.
System memory in use after: 81.3 MB.

Unloading 18 unused Assets to reduce memory usage. Loaded Objects now: 1682.
Total: 6.531000 ms (FindLiveObjects: 0.510200 ms CreateObjectMapping: 0.144300 ms MarkObjects: 4.834600 ms  DeleteObjects: 1.036500 ms)

========================================================================
Received Prepare
Registering precompiled user dll's ...
Registered in 0.006232 seconds.
Begin MonoManager ReloadAssembly
Native extension for WindowsStandalone target not found
Refreshing native plugins compatible for Editor in 0.98 ms, found 0 plugins.
Preloading 0 native plugins for Editor in 0.00 ms.
Invoked RoslynAnalysisRunner static constructor.
RoslynAnalysisRunner will not be running.
RoslynAnalysisRunner has terminated.
Mono: successfully reloaded assembly
- Completed reload, in  3.481 seconds
Platform modules already initialized, skipping
Refreshing native plugins compatible for Editor in 0.58 ms, found 0 plugins.
Preloading 0 native plugins for Editor in 0.00 ms.
Unloading 1132 Unused Serialized files (Serialized files now loaded: 0)
System memory in use before: 81.8 MB.
System memory in use after: 81.3 MB.

Unloading 18 unused Assets to reduce memory usage. Loaded Objects now: 1685.
Total: 5.589000 ms (FindLiveObjects: 0.362300 ms CreateObjectMapping: 0.075700 ms MarkObjects: 4.144800 ms  DeleteObjects: 1.002100 ms)

========================================================================
Received Prepare
Registering precompiled user dll's ...
Registered in 0.005945 seconds.
Begin MonoManager ReloadAssembly
Native extension for WindowsStandalone target not found
Refreshing native plugins compatible for Editor in 0.91 ms, found 0 plugins.
Preloading 0 native plugins for Editor in 0.00 ms.
Invoked RoslynAnalysisRunner static constructor.
RoslynAnalysisRunner will not be running.
RoslynAnalysisRunner has terminated.
Mono: successfully reloaded assembly
- Completed reload, in  3.123 seconds
Platform modules already initialized, skipping
Refreshing native plugins compatible for Editor in 0.62 ms, found 0 plugins.
Preloading 0 native plugins for Editor in 0.00 ms.
Unloading 1132 Unused Serialized files (Serialized files now loaded: 0)
System memory in use before: 81.8 MB.
System memory in use after: 81.3 MB.

Unloading 18 unused Assets to reduce memory usage. Loaded Objects now: 1688.
Total: 6.081300 ms (FindLiveObjects: 0.376800 ms CreateObjectMapping: 0.075000 ms MarkObjects: 4.626800 ms  DeleteObjects: 0.999100 ms)

========================================================================
Received Prepare
Registering precompiled user dll's ...
Registered in 0.007227 seconds.
Begin MonoManager ReloadAssembly
Native extension for WindowsStandalone target not found
Refreshing native plugins compatible for Editor in 0.58 ms, found 0 plugins.
Preloading 0 native plugins for Editor in 0.00 ms.
Invoked RoslynAnalysisRunner static constructor.
RoslynAnalysisRunner will not be running.
RoslynAnalysisRunner has terminated.
Mono: successfully reloaded assembly
- Completed reload, in  3.603 seconds
Platform modules already initialized, skipping
Refreshing native plugins compatible for Editor in 0.60 ms, found 0 plugins.
Preloading 0 native plugins for Editor in 0.00 ms.
Unloading 1132 Unused Serialized files (Serialized files now loaded: 0)
System memory in use before: 81.8 MB.
System memory in use after: 81.3 MB.

Unloading 18 unused Assets to reduce memory usage. Loaded Objects now: 1691.
Total: 5.383800 ms (FindLiveObjects: 0.393800 ms CreateObjectMapping: 0.075500 ms MarkObjects: 3.776100 ms  DeleteObjects: 1.133000 ms)

AssetImportWorkerClient::OnTransportError - code=2 error=End of file
