Using pre-set license
Built from '2020.3/staging' branch; Version is '2020.3.0f1 (c7b5465681fb) revision 13088070'; Using compiler version '192528614'; Build Type 'Release'
OS: 'Windows 10 Education; OS build 19043.985; Version 2009; 64bit' Language: 'ko' Physical Memory: 14213 MB
BatchMode: 1, IsHumanControllingUs: 0, StartBugReporterOnCrash: 0, Is64bit: 1, IsPro: 0

 COMMAND LINE ARGUMENTS:
C:\Program Files\Unity\Hub\Editor\2020.3.0f1\Editor\Unity.exe
-adb2
-batchMode
-noUpm
-name
AssetImportWorker0
-projectPath
C:/Unity Game/UnityProject
-logFile
Logs/AssetImportWorker0.log
-srvPort
52226
Successfully changed project path to: C:/Unity Game/UnityProject
C:/Unity Game/UnityProject
Using Asset Import Pipeline V2.
Refreshing native plugins compatible for Editor in 60.59 ms, found 0 plugins.
Preloading 0 native plugins for Editor in 0.00 ms.
Initialize engine version: 2020.3.0f1 (c7b5465681fb)
[Subsystems] Discovering subsystems at path C:/Program Files/Unity/Hub/Editor/2020.3.0f1/Editor/Data/Resources/UnitySubsystems
[Subsystems] Discovering subsystems at path C:/Unity Game/UnityProject/Assets
GfxDevice: creating device client; threaded=0
Direct3D:
    Version:  Direct3D 11.0 [level 11.1]
    Renderer: NVIDIA GeForce GTX 1650 (ID=0x1f91)
    Vendor:   
    VRAM:     3962 MB
    Driver:   27.21.14.6647
Initialize mono
Mono path[0] = 'C:/Program Files/Unity/Hub/Editor/2020.3.0f1/Editor/Data/Managed'
Mono path[1] = 'C:/Program Files/Unity/Hub/Editor/2020.3.0f1/Editor/Data/MonoBleedingEdge/lib/mono/unityjit'
Mono config path = 'C:/Program Files/Unity/Hub/Editor/2020.3.0f1/Editor/Data/MonoBleedingEdge/etc'
Using monoOptions --debugger-agent=transport=dt_socket,embedding=1,server=y,suspend=n,address=127.0.0.1:56728
Begin MonoManager ReloadAssembly
Registering precompiled unity dll's ...
Register platform support module: C:/Program Files/Unity/Hub/Editor/2020.3.0f1/Editor/Data/PlaybackEngines/WindowsStandaloneSupport/UnityEditor.WindowsStandalone.Extensions.dll
Registered in 0.011365 seconds.
Native extension for WindowsStandalone target not found
Refreshing native plugins compatible for Editor in 59.64 ms, found 0 plugins.
Preloading 0 native plugins for Editor in 0.00 ms.
Invoked RoslynAnalysisRunner static constructor.
RoslynAnalysisRunner will not be running.
RoslynAnalysisRunner has terminated.
Mono: successfully reloaded assembly
- Completed reload, in  3.635 seconds
Platform modules already initialized, skipping
Registering precompiled user dll's ...
Registered in 0.003503 seconds.
Begin MonoManager ReloadAssembly
Native extension for WindowsStandalone target not found
Refreshing native plugins compatible for Editor in 0.41 ms, found 0 plugins.
Preloading 0 native plugins for Editor in 0.00 ms.
Invoked RoslynAnalysisRunner static constructor.
RoslynAnalysisRunner will not be running.
RoslynAnalysisRunner has terminated.
Mono: successfully reloaded assembly
- Completed reload, in  2.897 seconds
Platform modules already initialized, skipping
========================================================================
Worker process is ready to serve import requests
Launched and connected shader compiler UnityShaderCompiler.exe after 0.16 seconds
Refreshing native plugins compatible for Editor in 0.38 ms, found 0 plugins.
Preloading 0 native plugins for Editor in 0.00 ms.
Unloading 1123 Unused Serialized files (Serialized files now loaded: 0)
System memory in use before: 76.4 MB.
System memory in use after: 76.5 MB.

Unloading 10 unused Assets to reduce memory usage. Loaded Objects now: 1585.
Total: 3.716500 ms (FindLiveObjects: 0.315600 ms CreateObjectMapping: 0.071700 ms MarkObjects: 3.088900 ms  DeleteObjects: 0.237200 ms)

========================================================================
Received Import Request.
  path: Assets/Scripts/Player.cs
  artifactKey: Guid(9537607b2ed8b0143a999cd1ea7536ab) Importer(815301076,1909f56bfc062723c751e8b465ee728b)
Start importing Assets/Scripts/Player.cs using Guid(9537607b2ed8b0143a999cd1ea7536ab) Importer(815301076,1909f56bfc062723c751e8b465ee728b)  -> (artifact id: '2df84f0a43c6044b6186ae5c469e9341') in 0.133717 seconds
  Import took 0.138197 seconds .

========================================================================
Received Prepare
Refreshing native plugins compatible for Editor in 3.24 ms, found 0 plugins.
Preloading 0 native plugins for Editor in 0.00 ms.
Unloading 3 Unused Serialized files (Serialized files now loaded: 0)
System memory in use before: 54.1 MB.
System memory in use after: 54.2 MB.

Unloading 3 unused Assets to reduce memory usage. Loaded Objects now: 1585.
Total: 3.443300 ms (FindLiveObjects: 0.241500 ms CreateObjectMapping: 0.071000 ms MarkObjects: 2.977700 ms  DeleteObjects: 0.150500 ms)

========================================================================
Received Prepare
Registering precompiled user dll's ...
Registered in 0.004536 seconds.
Begin MonoManager ReloadAssembly
Native extension for WindowsStandalone target not found
Refreshing native plugins compatible for Editor in 0.62 ms, found 0 plugins.
Preloading 0 native plugins for Editor in 0.00 ms.
Invoked RoslynAnalysisRunner static constructor.
RoslynAnalysisRunner will not be running.
RoslynAnalysisRunner has terminated.
Mono: successfully reloaded assembly
- Completed reload, in  2.497 seconds
Platform modules already initialized, skipping
Refreshing native plugins compatible for Editor in 0.51 ms, found 0 plugins.
Preloading 0 native plugins for Editor in 0.00 ms.
Unloading 1118 Unused Serialized files (Serialized files now loaded: 0)
System memory in use before: 76.4 MB.
System memory in use after: 76.4 MB.

Unloading 5 unused Assets to reduce memory usage. Loaded Objects now: 1588.
Total: 4.507400 ms (FindLiveObjects: 0.401300 ms CreateObjectMapping: 0.084800 ms MarkObjects: 3.801800 ms  DeleteObjects: 0.215700 ms)

========================================================================
Received Prepare
Registering precompiled user dll's ...
Registered in 0.003112 seconds.
Begin MonoManager ReloadAssembly
Native extension for WindowsStandalone target not found
Refreshing native plugins compatible for Editor in 0.43 ms, found 0 plugins.
Preloading 0 native plugins for Editor in 0.00 ms.
Invoked RoslynAnalysisRunner static constructor.
RoslynAnalysisRunner will not be running.
RoslynAnalysisRunner has terminated.
Mono: successfully reloaded assembly
- Completed reload, in  2.416 seconds
Platform modules already initialized, skipping
Refreshing native plugins compatible for Editor in 0.59 ms, found 0 plugins.
Preloading 0 native plugins for Editor in 0.00 ms.
Unloading 1118 Unused Serialized files (Serialized files now loaded: 0)
System memory in use before: 76.4 MB.
System memory in use after: 76.5 MB.

Unloading 5 unused Assets to reduce memory usage. Loaded Objects now: 1591.
Total: 4.081500 ms (FindLiveObjects: 0.317300 ms CreateObjectMapping: 0.081800 ms MarkObjects: 3.499000 ms  DeleteObjects: 0.179900 ms)

========================================================================
Received Import Request.
  Time since last request: 1146.781672 seconds.
  path: Assets/Animation/Player.controller
  artifactKey: Guid(bcad580c51e5b5148841b5c73d57fadb) Importer(815301076,1909f56bfc062723c751e8b465ee728b)
Start importing Assets/Animation/Player.controller using Guid(bcad580c51e5b5148841b5c73d57fadb) Importer(815301076,1909f56bfc062723c751e8b465ee728b)  -> (artifact id: '5c781d65f24d6ccdfcbdd5ec1032c08f') in 0.110233 seconds
  Import took 0.116791 seconds .

========================================================================
Received Import Request.
  Time since last request: 6.404259 seconds.
  path: Assets/1QuarterView 3D Action BE5/Materials/Enemy C.mat
  artifactKey: Guid(1dcf18599fec3384ab8214aa036c77d6) Importer(815301076,1909f56bfc062723c751e8b465ee728b)
Start importing Assets/1QuarterView 3D Action BE5/Materials/Enemy C.mat using Guid(1dcf18599fec3384ab8214aa036c77d6) Importer(815301076,1909f56bfc062723c751e8b465ee728b)  -> (artifact id: '5d36d042295644500af07e2691a62e42') in 0.308934 seconds
  Import took 0.316109 seconds .

========================================================================
Received Import Request.
  Time since last request: 0.000650 seconds.
  path: Assets/1QuarterView 3D Action BE5/Materials/Weapon Grenade Orbit.mat
  artifactKey: Guid(2a23167c0fe318144b05a634f6bcba86) Importer(815301076,1909f56bfc062723c751e8b465ee728b)
Start importing Assets/1QuarterView 3D Action BE5/Materials/Weapon Grenade Orbit.mat using Guid(2a23167c0fe318144b05a634f6bcba86) Importer(815301076,1909f56bfc062723c751e8b465ee728b)  -> (artifact id: 'caf57d03010fb6dbd8c7c4cdbff59603') in 0.100095 seconds
  Import took 0.107972 seconds .

========================================================================
Received Import Request.
  Time since last request: 0.001041 seconds.
  path: Assets/1QuarterView 3D Action BE5/Materials/Weapon SubMachine Gun.mat
  artifactKey: Guid(e4fdb662f7ceb0540adb32956455c89e) Importer(815301076,1909f56bfc062723c751e8b465ee728b)
Start importing Assets/1QuarterView 3D Action BE5/Materials/Weapon SubMachine Gun.mat using Guid(e4fdb662f7ceb0540adb32956455c89e) Importer(815301076,1909f56bfc062723c751e8b465ee728b)  -> (artifact id: 'c8a3daaa25552b2ebf04a04e7238dbef') in 0.147127 seconds
  Import took 0.152758 seconds .

========================================================================
Received Import Request.
  Time since last request: 0.000758 seconds.
  path: Assets/1QuarterView 3D Action BE5/Materials/Weapon Hammer.mat
  artifactKey: Guid(0a00c064c0cc0844bbc3aea5c0fb0074) Importer(815301076,1909f56bfc062723c751e8b465ee728b)
Start importing Assets/1QuarterView 3D Action BE5/Materials/Weapon Hammer.mat using Guid(0a00c064c0cc0844bbc3aea5c0fb0074) Importer(815301076,1909f56bfc062723c751e8b465ee728b)  -> (artifact id: 'a08a612c8802b016900c4e9f25737a79') in 0.091250 seconds
  Import took 0.098937 seconds .

========================================================================
Received Import Request.
  Time since last request: 0.000853 seconds.
  path: Assets/1QuarterView 3D Action BE5/Materials/Luna.mat
  artifactKey: Guid(6788d5ee533dd6143be559fa3fffaa59) Importer(815301076,1909f56bfc062723c751e8b465ee728b)
Start importing Assets/1QuarterView 3D Action BE5/Materials/Luna.mat using Guid(6788d5ee533dd6143be559fa3fffaa59) Importer(815301076,1909f56bfc062723c751e8b465ee728b)  -> (artifact id: 'bd303d5a44324c0d41aade0bd776a08b') in 0.095238 seconds
  Import took 0.101039 seconds .

========================================================================
Received Import Request.
  Time since last request: 0.000664 seconds.
  path: Assets/1QuarterView 3D Action BE5/Materials/Missile Boss.mat
  artifactKey: Guid(e8f399f59a734944fb4149b649b98a6a) Importer(815301076,1909f56bfc062723c751e8b465ee728b)
Start importing Assets/1QuarterView 3D Action BE5/Materials/Missile Boss.mat using Guid(e8f399f59a734944fb4149b649b98a6a) Importer(815301076,1909f56bfc062723c751e8b465ee728b)  -> (artifact id: '3b90269c014d245e456473d7cf2cd08a') in 0.092962 seconds
  Import took 0.098987 seconds .

========================================================================
Received Import Request.
  Time since last request: 0.000691 seconds.
  path: Assets/1QuarterView 3D Action BE5/Materials/Player.mat
  artifactKey: Guid(9aed8e613167e4340b625e15add095e8) Importer(815301076,1909f56bfc062723c751e8b465ee728b)
Start importing Assets/1QuarterView 3D Action BE5/Materials/Player.mat using Guid(9aed8e613167e4340b625e15add095e8) Importer(815301076,1909f56bfc062723c751e8b465ee728b)  -> (artifact id: '782440659169f5c282470009bd70009a') in 0.092792 seconds
  Import took 0.099103 seconds .

========================================================================
Received Import Request.
  Time since last request: 0.000643 seconds.
  path: Assets/1QuarterView 3D Action BE5/Materials/Missile.mat
  artifactKey: Guid(b7f684c70702ad4498c01dd7a2ce0b3c) Importer(815301076,1909f56bfc062723c751e8b465ee728b)
Start importing Assets/1QuarterView 3D Action BE5/Materials/Missile.mat using Guid(b7f684c70702ad4498c01dd7a2ce0b3c) Importer(815301076,1909f56bfc062723c751e8b465ee728b)  -> (artifact id: 'e16da14392864f028e0a5e34948b0cb8') in 0.073649 seconds
  Import took 0.078814 seconds .

========================================================================
Received Import Request.
  Time since last request: 0.000629 seconds.
  path: Assets/1QuarterView 3D Action BE5/Materials/Weapon Grenade.mat
  artifactKey: Guid(e3a61e3a9dd7bca4aade965978ad038e) Importer(815301076,1909f56bfc062723c751e8b465ee728b)
Start importing Assets/1QuarterView 3D Action BE5/Materials/Weapon Grenade.mat using Guid(e3a61e3a9dd7bca4aade965978ad038e) Importer(815301076,1909f56bfc062723c751e8b465ee728b)  -> (artifact id: '388a0e8bafcf748ff8af15f97e207053') in 0.079263 seconds
  Import took 0.084327 seconds .

========================================================================
Received Import Request.
  Time since last request: 0.001092 seconds.
  path: Assets/1QuarterView 3D Action BE5/Materials/Ludo.mat
  artifactKey: Guid(6dff6733c81828141b8ba231dfb86cc0) Importer(815301076,1909f56bfc062723c751e8b465ee728b)
Start importing Assets/1QuarterView 3D Action BE5/Materials/Ludo.mat using Guid(6dff6733c81828141b8ba231dfb86cc0) Importer(815301076,1909f56bfc062723c751e8b465ee728b)  -> (artifact id: '845f49498ff4c863573f99159488a041') in 0.088823 seconds
  Import took 0.094746 seconds .

========================================================================
Received Import Request.
  Time since last request: 0.000722 seconds.
  path: Assets/1QuarterView 3D Action BE5/Materials/Weapon Hand Gun.mat
  artifactKey: Guid(ecabd400f66febc408288170bcd623b0) Importer(815301076,1909f56bfc062723c751e8b465ee728b)
Start importing Assets/1QuarterView 3D Action BE5/Materials/Weapon Hand Gun.mat using Guid(ecabd400f66febc408288170bcd623b0) Importer(815301076,1909f56bfc062723c751e8b465ee728b)  -> (artifact id: '10d36a9f1f79e96a74f994f9d64c0aba') in 0.081276 seconds
  Import took 0.086972 seconds .

========================================================================
Received Import Request.
  Time since last request: 0.000634 seconds.
  path: Assets/1QuarterView 3D Action BE5/Materials/Item Heart 1.mat
  artifactKey: Guid(9cefbf0299db19c4fada13b31759cbff) Importer(815301076,1909f56bfc062723c751e8b465ee728b)
Start importing Assets/1QuarterView 3D Action BE5/Materials/Item Heart 1.mat using Guid(9cefbf0299db19c4fada13b31759cbff) Importer(815301076,1909f56bfc062723c751e8b465ee728b)  -> (artifact id: '55aeee31e306caf54043d59c1e6a2afe') in 0.088692 seconds
  Import took 0.093962 seconds .

========================================================================
Received Import Request.
  Time since last request: 0.000611 seconds.
  path: Assets/1QuarterView 3D Action BE5/Materials/Item Ammo.mat
  artifactKey: Guid(584a9a6b9a1a96d4392bcb73a01b3b39) Importer(815301076,1909f56bfc062723c751e8b465ee728b)
Start importing Assets/1QuarterView 3D Action BE5/Materials/Item Ammo.mat using Guid(584a9a6b9a1a96d4392bcb73a01b3b39) Importer(815301076,1909f56bfc062723c751e8b465ee728b)  -> (artifact id: '3c6c75572c3dc8319626be7aa825c664') in 0.076931 seconds
  Import took 0.081430 seconds .

========================================================================
Received Import Request.
  Time since last request: 0.000550 seconds.
  path: Assets/1QuarterView 3D Action BE5/Materials/Enemy D.mat
  artifactKey: Guid(4d8215369ad2c9a47a74206a883a73c2) Importer(815301076,1909f56bfc062723c751e8b465ee728b)
Start importing Assets/1QuarterView 3D Action BE5/Materials/Enemy D.mat using Guid(4d8215369ad2c9a47a74206a883a73c2) Importer(815301076,1909f56bfc062723c751e8b465ee728b)  -> (artifact id: '1664322697e5ead7d0f871e5caf6ef4e') in 0.080836 seconds
  Import took 0.086572 seconds .

========================================================================
Received Import Request.
  Time since last request: 345.106803 seconds.
  path: Assets/Scripts/UI.cs
  artifactKey: Guid(d51bd505b624c8d4ab9ea977a0954e3e) Importer(815301076,1909f56bfc062723c751e8b465ee728b)
Start importing Assets/Scripts/UI.cs using Guid(d51bd505b624c8d4ab9ea977a0954e3e) Importer(815301076,1909f56bfc062723c751e8b465ee728b)  -> (artifact id: '8f7b7d2caeb1567de1f3976239f83c76') in 0.110672 seconds
  Import took 0.120567 seconds .

========================================================================
Received Prepare
Registering precompiled user dll's ...
Registered in 0.005975 seconds.
Begin MonoManager ReloadAssembly
Native extension for WindowsStandalone target not found
Refreshing native plugins compatible for Editor in 0.40 ms, found 0 plugins.
Preloading 0 native plugins for Editor in 0.00 ms.
Invoked RoslynAnalysisRunner static constructor.
RoslynAnalysisRunner will not be running.
RoslynAnalysisRunner has terminated.
Mono: successfully reloaded assembly
- Completed reload, in  2.706 seconds
Platform modules already initialized, skipping
Refreshing native plugins compatible for Editor in 0.41 ms, found 0 plugins.
Preloading 0 native plugins for Editor in 0.00 ms.
Unloading 1119 Unused Serialized files (Serialized files now loaded: 0)
System memory in use before: 79.8 MB.
System memory in use after: 79.9 MB.

Unloading 5 unused Assets to reduce memory usage. Loaded Objects now: 1635.
Total: 3.506500 ms (FindLiveObjects: 0.324700 ms CreateObjectMapping: 0.058900 ms MarkObjects: 2.959400 ms  DeleteObjects: 0.161200 ms)

========================================================================
Received Prepare
Registering precompiled user dll's ...
Registered in 0.008421 seconds.
Begin MonoManager ReloadAssembly
Native extension for WindowsStandalone target not found
Refreshing native plugins compatible for Editor in 0.39 ms, found 0 plugins.
Preloading 0 native plugins for Editor in 0.00 ms.
Invoked RoslynAnalysisRunner static constructor.
RoslynAnalysisRunner will not be running.
RoslynAnalysisRunner has terminated.
Mono: successfully reloaded assembly
- Completed reload, in  2.921 seconds
Platform modules already initialized, skipping
Refreshing native plugins compatible for Editor in 0.39 ms, found 0 plugins.
Preloading 0 native plugins for Editor in 0.00 ms.
Unloading 1118 Unused Serialized files (Serialized files now loaded: 0)
System memory in use before: 79.8 MB.
System memory in use after: 79.9 MB.

Unloading 6 unused Assets to reduce memory usage. Loaded Objects now: 1637.
Total: 3.883400 ms (FindLiveObjects: 0.397700 ms CreateObjectMapping: 0.108000 ms MarkObjects: 3.209800 ms  DeleteObjects: 0.164900 ms)

========================================================================
Received Import Request.
  Time since last request: 136.149934 seconds.
  path: Assets/Scripts/GameMange.cs
  artifactKey: Guid(b234ec6806c2e644b826f29f728fce6a) Importer(815301076,1909f56bfc062723c751e8b465ee728b)
Start importing Assets/Scripts/GameMange.cs using Guid(b234ec6806c2e644b826f29f728fce6a) Importer(815301076,1909f56bfc062723c751e8b465ee728b)  -> (artifact id: '5ec22d07e7bd0671ba1f7718d7cd93cb') in 0.069165 seconds
  Import took 0.078011 seconds .

========================================================================
Received Import Request.
  Time since last request: 0.096170 seconds.
  path: Assets/Scripts/GameMange.cs
  artifactKey: Guid(b234ec6806c2e644b826f29f728fce6a) Importer(815301076,1909f56bfc062723c751e8b465ee728b)
Start importing Assets/Scripts/GameMange.cs using Guid(b234ec6806c2e644b826f29f728fce6a) Importer(815301076,1909f56bfc062723c751e8b465ee728b)  -> (artifact id: '5ec22d07e7bd0671ba1f7718d7cd93cb') in 0.059189 seconds
  Import took 0.068275 seconds .

========================================================================
Received Prepare
Registering precompiled user dll's ...
Registered in 0.005050 seconds.
Begin MonoManager ReloadAssembly
Native extension for WindowsStandalone target not found
Refreshing native plugins compatible for Editor in 0.58 ms, found 0 plugins.
Preloading 0 native plugins for Editor in 0.00 ms.
Invoked RoslynAnalysisRunner static constructor.
RoslynAnalysisRunner will not be running.
RoslynAnalysisRunner has terminated.
Mono: successfully reloaded assembly
- Completed reload, in  3.057 seconds
Platform modules already initialized, skipping
Refreshing native plugins compatible for Editor in 0.71 ms, found 0 plugins.
Preloading 0 native plugins for Editor in 0.00 ms.
Unloading 1119 Unused Serialized files (Serialized files now loaded: 0)
System memory in use before: 79.8 MB.
System memory in use after: 79.9 MB.

Unloading 5 unused Assets to reduce memory usage. Loaded Objects now: 1641.
Total: 3.637200 ms (FindLiveObjects: 0.255800 ms CreateObjectMapping: 0.059200 ms MarkObjects: 3.126800 ms  DeleteObjects: 0.191600 ms)

========================================================================
Received Import Request.
  Time since last request: 1490.783540 seconds.
  path: Assets/Prefabs/Bullet Case.prefab
  artifactKey: Guid(8423ebae210966d4aa052f1f4f8c327a) Importer(815301076,1909f56bfc062723c751e8b465ee728b)
Start importing Assets/Prefabs/Bullet Case.prefab using Guid(8423ebae210966d4aa052f1f4f8c327a) Importer(815301076,1909f56bfc062723c751e8b465ee728b)  -> (artifact id: '96d472889ae38aab438fc5f85ceb5557') in 0.197620 seconds
  Import took 0.202654 seconds .

========================================================================
Received Import Request.
  Time since last request: 0.000596 seconds.
  path: Assets/Prefabs/Bullet HandGun.prefab
  artifactKey: Guid(f15f99844c0d1b94398a2bb40dbfdb87) Importer(815301076,1909f56bfc062723c751e8b465ee728b)
Start importing Assets/Prefabs/Bullet HandGun.prefab using Guid(f15f99844c0d1b94398a2bb40dbfdb87) Importer(815301076,1909f56bfc062723c751e8b465ee728b)  -> (artifact id: '3470fc7c15beee07082ecd39b84208ed') in 0.035635 seconds
  Import took 0.041157 seconds .

========================================================================
Received Import Request.
  Time since last request: 0.000678 seconds.
  path: Assets/Prefabs/Bullet SubMachineGun .prefab
  artifactKey: Guid(dd32ac829ad884f48b25f2954085605f) Importer(815301076,1909f56bfc062723c751e8b465ee728b)
Start importing Assets/Prefabs/Bullet SubMachineGun .prefab using Guid(dd32ac829ad884f48b25f2954085605f) Importer(815301076,1909f56bfc062723c751e8b465ee728b)  -> (artifact id: '55488b1f83731fe085f43034eb384043') in 0.027214 seconds
  Import took 0.032576 seconds .

========================================================================
Received Prepare
Registering precompiled user dll's ...
Registered in 0.003539 seconds.
Begin MonoManager ReloadAssembly
Native extension for WindowsStandalone target not found
Refreshing native plugins compatible for Editor in 0.42 ms, found 0 plugins.
Preloading 0 native plugins for Editor in 0.00 ms.
Invoked RoslynAnalysisRunner static constructor.
RoslynAnalysisRunner will not be running.
RoslynAnalysisRunner has terminated.
Mono: successfully reloaded assembly
- Completed reload, in  2.555 seconds
Platform modules already initialized, skipping
Refreshing native plugins compatible for Editor in 0.55 ms, found 0 plugins.
Preloading 0 native plugins for Editor in 0.00 ms.
Unloading 1119 Unused Serialized files (Serialized files now loaded: 0)
System memory in use before: 79.8 MB.
System memory in use after: 79.9 MB.

Unloading 5 unused Assets to reduce memory usage. Loaded Objects now: 1645.
Total: 4.698100 ms (FindLiveObjects: 0.346700 ms CreateObjectMapping: 0.075300 ms MarkObjects: 4.049600 ms  DeleteObjects: 0.223600 ms)

========================================================================
Received Prepare
Registering precompiled user dll's ...
Registered in 0.005582 seconds.
Begin MonoManager ReloadAssembly
Native extension for WindowsStandalone target not found
Refreshing native plugins compatible for Editor in 0.67 ms, found 0 plugins.
Preloading 0 native plugins for Editor in 0.00 ms.
Invoked RoslynAnalysisRunner static constructor.
RoslynAnalysisRunner will not be running.
RoslynAnalysisRunner has terminated.
Mono: successfully reloaded assembly
- Completed reload, in  4.036 seconds
Platform modules already initialized, skipping
Refreshing native plugins compatible for Editor in 0.58 ms, found 0 plugins.
Preloading 0 native plugins for Editor in 0.00 ms.
Unloading 1119 Unused Serialized files (Serialized files now loaded: 0)
System memory in use before: 79.8 MB.
System memory in use after: 79.9 MB.

Unloading 5 unused Assets to reduce memory usage. Loaded Objects now: 1648.
Total: 5.549500 ms (FindLiveObjects: 0.397400 ms CreateObjectMapping: 0.076500 ms MarkObjects: 4.803100 ms  DeleteObjects: 0.266500 ms)

========================================================================
Received Prepare
Registering precompiled user dll's ...
Registered in 0.005873 seconds.
Begin MonoManager ReloadAssembly
Native extension for WindowsStandalone target not found
Refreshing native plugins compatible for Editor in 0.54 ms, found 0 plugins.
Preloading 0 native plugins for Editor in 0.00 ms.
Invoked RoslynAnalysisRunner static constructor.
RoslynAnalysisRunner will not be running.
RoslynAnalysisRunner has terminated.
Mono: successfully reloaded assembly
- Completed reload, in  3.091 seconds
Platform modules already initialized, skipping
Refreshing native plugins compatible for Editor in 0.53 ms, found 0 plugins.
Preloading 0 native plugins for Editor in 0.00 ms.
Unloading 1119 Unused Serialized files (Serialized files now loaded: 0)
System memory in use before: 79.9 MB.
System memory in use after: 79.9 MB.

Unloading 5 unused Assets to reduce memory usage. Loaded Objects now: 1651.
Total: 4.874900 ms (FindLiveObjects: 0.352200 ms CreateObjectMapping: 0.074400 ms MarkObjects: 4.201900 ms  DeleteObjects: 0.242300 ms)

========================================================================
Received Prepare
Registering precompiled user dll's ...
Registered in 0.005173 seconds.
Begin MonoManager ReloadAssembly
Native extension for WindowsStandalone target not found
Refreshing native plugins compatible for Editor in 0.58 ms, found 0 plugins.
Preloading 0 native plugins for Editor in 0.00 ms.
Invoked RoslynAnalysisRunner static constructor.
RoslynAnalysisRunner will not be running.
RoslynAnalysisRunner has terminated.
Mono: successfully reloaded assembly
- Completed reload, in  3.101 seconds
Platform modules already initialized, skipping
Refreshing native plugins compatible for Editor in 0.53 ms, found 0 plugins.
Preloading 0 native plugins for Editor in 0.00 ms.
Unloading 1119 Unused Serialized files (Serialized files now loaded: 0)
System memory in use before: 79.9 MB.
System memory in use after: 79.9 MB.

Unloading 5 unused Assets to reduce memory usage. Loaded Objects now: 1654.
Total: 4.829500 ms (FindLiveObjects: 0.357900 ms CreateObjectMapping: 0.070600 ms MarkObjects: 4.182500 ms  DeleteObjects: 0.213900 ms)

========================================================================
Received Prepare
Registering precompiled user dll's ...
Registered in 0.006426 seconds.
Begin MonoManager ReloadAssembly
Native extension for WindowsStandalone target not found
Refreshing native plugins compatible for Editor in 0.70 ms, found 0 plugins.
Preloading 0 native plugins for Editor in 0.00 ms.
Invoked RoslynAnalysisRunner static constructor.
RoslynAnalysisRunner will not be running.
RoslynAnalysisRunner has terminated.
Mono: successfully reloaded assembly
- Completed reload, in  3.031 seconds
Platform modules already initialized, skipping
Refreshing native plugins compatible for Editor in 0.67 ms, found 0 plugins.
Preloading 0 native plugins for Editor in 0.00 ms.
Unloading 1119 Unused Serialized files (Serialized files now loaded: 0)
System memory in use before: 79.9 MB.
System memory in use after: 79.9 MB.

Unloading 5 unused Assets to reduce memory usage. Loaded Objects now: 1657.
Total: 7.963500 ms (FindLiveObjects: 0.377000 ms CreateObjectMapping: 0.106200 ms MarkObjects: 7.158200 ms  DeleteObjects: 0.317100 ms)

========================================================================
Received Prepare
Registering precompiled user dll's ...
Registered in 0.004429 seconds.
Begin MonoManager ReloadAssembly
Native extension for WindowsStandalone target not found
Refreshing native plugins compatible for Editor in 0.54 ms, found 0 plugins.
Preloading 0 native plugins for Editor in 0.00 ms.
Invoked RoslynAnalysisRunner static constructor.
RoslynAnalysisRunner will not be running.
RoslynAnalysisRunner has terminated.
Mono: successfully reloaded assembly
- Completed reload, in  3.338 seconds
Platform modules already initialized, skipping
Refreshing native plugins compatible for Editor in 0.52 ms, found 0 plugins.
Preloading 0 native plugins for Editor in 0.00 ms.
Unloading 1119 Unused Serialized files (Serialized files now loaded: 0)
System memory in use before: 79.9 MB.
System memory in use after: 79.9 MB.

Unloading 5 unused Assets to reduce memory usage. Loaded Objects now: 1660.
Total: 8.290600 ms (FindLiveObjects: 0.763600 ms CreateObjectMapping: 0.136800 ms MarkObjects: 7.093100 ms  DeleteObjects: 0.292200 ms)

========================================================================
Received Prepare
Registering precompiled user dll's ...
Registered in 0.005687 seconds.
Begin MonoManager ReloadAssembly
Native extension for WindowsStandalone target not found
Refreshing native plugins compatible for Editor in 1.01 ms, found 0 plugins.
Preloading 0 native plugins for Editor in 0.00 ms.
Invoked RoslynAnalysisRunner static constructor.
RoslynAnalysisRunner will not be running.
RoslynAnalysisRunner has terminated.
Mono: successfully reloaded assembly
- Completed reload, in  3.163 seconds
Platform modules already initialized, skipping
Refreshing native plugins compatible for Editor in 0.63 ms, found 0 plugins.
Preloading 0 native plugins for Editor in 0.00 ms.
Unloading 1119 Unused Serialized files (Serialized files now loaded: 0)
System memory in use before: 79.9 MB.
System memory in use after: 79.9 MB.

Unloading 5 unused Assets to reduce memory usage. Loaded Objects now: 1663.
Total: 5.226200 ms (FindLiveObjects: 0.516500 ms CreateObjectMapping: 0.116500 ms MarkObjects: 4.357800 ms  DeleteObjects: 0.230900 ms)

========================================================================
Received Prepare
Registering precompiled user dll's ...
Registered in 0.022063 seconds.
Begin MonoManager ReloadAssembly
Native extension for WindowsStandalone target not found
Refreshing native plugins compatible for Editor in 0.54 ms, found 0 plugins.
Preloading 0 native plugins for Editor in 0.00 ms.
Invoked RoslynAnalysisRunner static constructor.
RoslynAnalysisRunner will not be running.
RoslynAnalysisRunner has terminated.
Mono: successfully reloaded assembly
- Completed reload, in  2.962 seconds
Platform modules already initialized, skipping
Refreshing native plugins compatible for Editor in 1.04 ms, found 0 plugins.
Preloading 0 native plugins for Editor in 0.00 ms.
Unloading 1119 Unused Serialized files (Serialized files now loaded: 0)
System memory in use before: 79.9 MB.
System memory in use after: 80.0 MB.

Unloading 5 unused Assets to reduce memory usage. Loaded Objects now: 1666.
Total: 5.194500 ms (FindLiveObjects: 0.619100 ms CreateObjectMapping: 0.167700 ms MarkObjects: 4.177200 ms  DeleteObjects: 0.225800 ms)

========================================================================
Received Prepare
Registering precompiled user dll's ...
Registered in 0.006843 seconds.
Begin MonoManager ReloadAssembly
Native extension for WindowsStandalone target not found
Refreshing native plugins compatible for Editor in 0.82 ms, found 0 plugins.
Preloading 0 native plugins for Editor in 0.00 ms.
Invoked RoslynAnalysisRunner static constructor.
RoslynAnalysisRunner will not be running.
RoslynAnalysisRunner has terminated.
Mono: successfully reloaded assembly
- Completed reload, in  3.029 seconds
Platform modules already initialized, skipping
Refreshing native plugins compatible for Editor in 0.54 ms, found 0 plugins.
Preloading 0 native plugins for Editor in 0.00 ms.
Unloading 1119 Unused Serialized files (Serialized files now loaded: 0)
System memory in use before: 79.9 MB.
System memory in use after: 80.0 MB.

Unloading 5 unused Assets to reduce memory usage. Loaded Objects now: 1669.
Total: 5.064700 ms (FindLiveObjects: 0.373400 ms CreateObjectMapping: 0.075800 ms MarkObjects: 4.386900 ms  DeleteObjects: 0.224100 ms)

========================================================================
Received Prepare
Registering precompiled user dll's ...
Registered in 0.004831 seconds.
Begin MonoManager ReloadAssembly
Native extension for WindowsStandalone target not found
Refreshing native plugins compatible for Editor in 0.81 ms, found 0 plugins.
Preloading 0 native plugins for Editor in 0.00 ms.
Invoked RoslynAnalysisRunner static constructor.
RoslynAnalysisRunner will not be running.
RoslynAnalysisRunner has terminated.
Mono: successfully reloaded assembly
- Completed reload, in  3.465 seconds
Platform modules already initialized, skipping
Refreshing native plugins compatible for Editor in 0.55 ms, found 0 plugins.
Preloading 0 native plugins for Editor in 0.00 ms.
Unloading 1119 Unused Serialized files (Serialized files now loaded: 0)
System memory in use before: 79.9 MB.
System memory in use after: 80.0 MB.

Unloading 5 unused Assets to reduce memory usage. Loaded Objects now: 1672.
Total: 4.429700 ms (FindLiveObjects: 0.362200 ms CreateObjectMapping: 0.072600 ms MarkObjects: 3.768800 ms  DeleteObjects: 0.223000 ms)

AssetImportWorkerClient::OnTransportError - code=2 error=End of file
